<?xml version="1.0" encoding="UTF-8"?>
<testsuite xmlns:xsi="http://www.w3.org/2001/XMLSchema-instance" xsi:noNamespaceSchemaLocation="https://maven.apache.org/surefire/maven-surefire-plugin/xsd/surefire-test-report-3.0.xsd" version="3.0" name="org.apache.logging.log4j.LoggerTest" time="0.744" tests="55" errors="4" skipped="0" failures="0">
  <properties>
[...]
</properties>
  <testcase name="isOffEnabledWithMarker" classname="org.apache.logging.log4j.LoggerTest" time="0.036"/>
  <testcase name="isErrorEnabled" classname="org.apache.logging.log4j.LoggerTest" time="0.001"/>
  <testcase name="isTraceEnabled" classname="org.apache.logging.log4j.LoggerTest" time="0.002"/>
  <testcase name="getRootLogger" classname="org.apache.logging.log4j.LoggerTest" time="0.006"/>
  <testcase name="getFormatterLogger_Class" classname="org.apache.logging.log4j.LoggerTest" time="0.02"/>
  <testcase name="basicFlow" classname="org.apache.logging.log4j.LoggerTest" time="0.085"/>
  <testcase name="debugObject" classname="org.apache.logging.log4j.LoggerTest" time="0.012"/>
  <testcase name="isDebugEnabled" classname="org.apache.logging.log4j.LoggerTest" time="0.0"/>
  <testcase name="getLogger_Object_ParameterizedMessageFactory" classname="org.apache.logging.log4j.LoggerTest" time="0.015"/>
  <testcase name="getLogger_Class_StringFormatterMessageFactory" classname="org.apache.logging.log4j.LoggerTest" time="0.002"/>
  <testcase name="getFormatterLogger_Object" classname="org.apache.logging.log4j.LoggerTest" time="0.003"/>
  <testcase name="getFormatterLogger_String" classname="org.apache.logging.log4j.LoggerTest" time="0.001"/>
  <testcase name="printf" classname="org.apache.logging.log4j.LoggerTest" time="0.007"/>
  <testcase name="flowTracingVoidReturn" classname="org.apache.logging.log4j.LoggerTest" time="0.014"/>
  <testcase name="isInfoEnabled" classname="org.apache.logging.log4j.LoggerTest" time="0.0"/>
  <testcase name="flowTracingNoExitArgs" classname="org.apache.logging.log4j.LoggerTest" time="0.002"/>
  <testcase name="isWarnEnabledWithMarker" classname="org.apache.logging.log4j.LoggerTest" time="0.0"/>
  <testcase name="flowTracingNoFormat" classname="org.apache.logging.log4j.LoggerTest" time="0.0"/>
  <testcase name="isOffEnabled" classname="org.apache.logging.log4j.LoggerTest" time="0.0"/>
  <testcase name="getLogger_String_ParameterizedMessageFactory" classname="org.apache.logging.log4j.LoggerTest" time="0.001"/>
  <testcase name="isFatalEnabledWithMarker" classname="org.apache.logging.log4j.LoggerTest" time="0.0"/>
  <testcase name="flowTracingString_ObjectArray1" classname="org.apache.logging.log4j.LoggerTest" time="0.002"/>
  <testcase name="flowTracingString_ObjectArray2" classname="org.apache.logging.log4j.LoggerTest" time="0.002"/>
  <testcase name="mdc" classname="org.apache.logging.log4j.LoggerTest" time="0.034">
    <system-out><![CDATA[Log line 1:  DEBUG Debug message {TestYear=2010} 
log line 2:  DEBUG Debug message
]]></system-out>
    <system-err><![CDATA[Mar 27, 2026 12:52:08 PM org.junit.jupiter.engine.descriptor.AbstractExtensionContext lambda$createCloseAction$1
WARNING: Type implements CloseableResource but not AutoCloseable: org.apache.logging.log4j.test.junit.ThreadContextMapExtension$ThreadContextMapStore
]]></system-err>
  </testcase>
  <testcase name="catching" classname="org.apache.logging.log4j.LoggerTest" time="0.002"/>
  <testcase name="isFatalEnabled" classname="org.apache.logging.log4j.LoggerTest" time="0.002"/>
  <testcase name="debug" classname="org.apache.logging.log4j.LoggerTest" time="0.001"/>
  <testcase name="getLogger_Class_ParameterizedMessageFactory" classname="org.apache.logging.log4j.LoggerTest" time="0.0"/>
  <testcase name="flowTracingString_SupplierOfObjectMessages" classname="org.apache.logging.log4j.LoggerTest" time="0.001"/>
  <testcase name="builder" classname="org.apache.logging.log4j.LoggerTest" time="0.007"/>
  <testcase name="flowTracingMessage" classname="org.apache.logging.log4j.LoggerTest" time="0.287"/>
  <testcase name="isDebugEnabledWithMarker" classname="org.apache.logging.log4j.LoggerTest" time="0.001"/>
  <testcase name="isInfoEnabledWithMarker" classname="org.apache.logging.log4j.LoggerTest" time="0.0"/>
  <testcase name="getLoggerByClass" classname="org.apache.logging.log4j.LoggerTest" time="0.0"/>
  <testcase name="flowTracingExitValueOnly" classname="org.apache.logging.log4j.LoggerTest" time="0.002"/>
  <testcase name="flowTracingNoArgs" classname="org.apache.logging.log4j.LoggerTest" time="0.002"/>
  <testcase name="isWarnEnabled" classname="org.apache.logging.log4j.LoggerTest" time="0.001"/>
  <testcase name="getLogger_String_MessageFactoryMismatch" classname="org.apache.logging.log4j.LoggerTest" time="0.0"/>
  <testcase name="getLogger_String_StringFormatterMessageFactory" classname="org.apache.logging.log4j.LoggerTest" time="0.0"/>
  <testcase name="isTraceEnabledWithMarker" classname="org.apache.logging.log4j.LoggerTest" time="0.001"/>
  <testcase name="debugWithParmsAndThrowable" classname="org.apache.logging.log4j.LoggerTest" time="0.003"/>
  <testcase name="isAllEnabledWithMarker" classname="org.apache.logging.log4j.LoggerTest" time="0.001"/>
  <testcase name="getLoggerByNullClass" classname="org.apache.logging.log4j.LoggerTest" time="0.006">
    <error message="No class provided, and an appropriate one cannot be found." type="java.lang.UnsupportedOperationException"><![CDATA[java.lang.UnsupportedOperationException: No class provided, and an appropriate one cannot be found.
	at org.apache.logging.log4j.LogManager.callerClass(LogManager.java:531)
	at org.apache.logging.log4j.LogManager.getLogger(LogManager.java:556)
	at org.apache.logging.log4j.LoggerTest.getLoggerByNullClass(LoggerTest.java:449)
	at java.base/java.lang.reflect.Method.invoke(Method.java:569)
	at java.base/java.util.ArrayList.forEach(ArrayList.java:1511)
	at java.base/java.util.ArrayList.forEach(ArrayList.java:1511)
]]></error>
  </testcase>
  <testcase name="debugWithParms" classname="org.apache.logging.log4j.LoggerTest" time="0.0"/>
  <testcase name="isErrorEnabledWithMarker" classname="org.apache.logging.log4j.LoggerTest" time="0.002"/>
  <testcase name="throwing" classname="org.apache.logging.log4j.LoggerTest" time="0.001"/>
  <testcase name="getLoggerByObject" classname="org.apache.logging.log4j.LoggerTest" time="0.002"/>
  <testcase name="structuredData" classname="org.apache.logging.log4j.LoggerTest" time="0.024"/>
  <testcase name="getLogger_String_SimpleMessageFactory" classname="org.apache.logging.log4j.LoggerTest" time="0.002"/>
  <testcase name="isAllEnabled" classname="org.apache.logging.log4j.LoggerTest" time="0.001"/>
  <testcase name="getLoggerByNullObject" classname="org.apache.logging.log4j.LoggerTest" time="0.002">
    <error message="No class provided, and an appropriate one cannot be found." type="java.lang.UnsupportedOperationException"><![CDATA[java.lang.UnsupportedOperationException: No class provided, and an appropriate one cannot be found.
	at org.apache.logging.log4j.LogManager.callerClass(LogManager.java:531)
	at org.apache.logging.log4j.LogManager.getLogger(LogManager.java:556)
	at org.apache.logging.log4j.LogManager.getLogger(LogManager.java:598)
	at org.apache.logging.log4j.LoggerTest.getLoggerByNullObject(LoggerTest.java:455)
	at java.base/java.lang.reflect.Method.invoke(Method.java:569)
	at java.base/java.util.ArrayList.forEach(ArrayList.java:1511)
	at java.base/java.util.ArrayList.forEach(ArrayList.java:1511)
]]></error>
  </testcase>
  <testcase name="flowTracingString_SupplierOfStrings" classname="org.apache.logging.log4j.LoggerTest" time="0.002"/>
  <testcase name="getFormatterLogger" classname="org.apache.logging.log4j.LoggerTest" time="0.001">
    <error message="No class provided, and an appropriate one cannot be found." type="java.lang.UnsupportedOperationException"><![CDATA[java.lang.UnsupportedOperationException: No class provided, and an appropriate one cannot be found.
	at org.apache.logging.log4j.LogManager.callerClass(LogManager.java:531)
	at org.apache.logging.log4j.LogManager.getLogger(LogManager.java:572)
	at org.apache.logging.log4j.LogManager.getFormatterLogger(LogManager.java:456)
	at org.apache.logging.log4j.LogManager.getFormatterLogger(LogManager.java:425)
	at org.apache.logging.log4j.LoggerTest.getFormatterLogger(LoggerTest.java:245)
	at java.base/java.lang.reflect.Method.invoke(Method.java:569)
	at java.base/java.util.ArrayList.forEach(ArrayList.java:1511)
	at java.base/java.util.ArrayList.forEach(ArrayList.java:1511)
]]></error>
  </testcase>
  <testcase name="getLoggerByNullString" classname="org.apache.logging.log4j.LoggerTest" time="0.001">
    <error message="No class provided, and an appropriate one cannot be found." type="java.lang.UnsupportedOperationException"><![CDATA[java.lang.UnsupportedOperationException: No class provided, and an appropriate one cannot be found.
	at org.apache.logging.log4j.LogManager.callerClass(LogManager.java:531)
	at org.apache.logging.log4j.LogManager.getLogger(LogManager.java:556)
	at org.apache.logging.log4j.LogManager.getLogger(LogManager.java:624)
	at org.apache.logging.log4j.LoggerTest.getLoggerByNullString(LoggerTest.java:461)
	at java.base/java.lang.reflect.Method.invoke(Method.java:569)
	at java.base/java.util.ArrayList.forEach(ArrayList.java:1511)
	at java.base/java.util.ArrayList.forEach(ArrayList.java:1511)
]]></error>
  </testcase>
  <testcase name="getLogger_Object_StringFormatterMessageFactory" classname="org.apache.logging.log4j.LoggerTest" time="0.0"/>
</testsuite>