<?xml version="1.0" encoding="UTF-8"?>
<testsuite xmlns:xsi="http://www.w3.org/2001/XMLSchema-instance" xsi:noNamespaceSchemaLocation="https://maven.apache.org/surefire/maven-surefire-plugin/xsd/surefire-test-report-3.0.xsd" version="3.0" name="org.apache.logging.log4j.util.Unbox1Test" time="0.265" tests="11" errors="0" skipped="0" failures="0">
  <properties>
[...]
</properties>
  <testcase name="testBoxFloat" classname="org.apache.logging.log4j.util.Unbox1Test" time="0.172"/>
  <testcase name="testBoxShort" classname="org.apache.logging.log4j.util.Unbox1Test" time="0.001"/>
  <testcase name="testBoxBoolean" classname="org.apache.logging.log4j.util.Unbox1Test" time="0.001"/>
  <testcase name="testBoxClaimsItHas32Slots" classname="org.apache.logging.log4j.util.Unbox1Test" time="0.001"/>
  <testcase name="testBoxByte" classname="org.apache.logging.log4j.util.Unbox1Test" time="0.002"/>
  <testcase name="testBoxChar" classname="org.apache.logging.log4j.util.Unbox1Test" time="0.001"/>
  <testcase name="testBoxLong" classname="org.apache.logging.log4j.util.Unbox1Test" time="0.001"/>
  <testcase name="testBoxDouble" classname="org.apache.logging.log4j.util.Unbox1Test" time="0.001"/>
  <testcase name="testBoxIsThreadLocal" classname="org.apache.logging.log4j.util.Unbox1Test" time="0.006"/>
  <testcase name="testBoxInt" classname="org.apache.logging.log4j.util.Unbox1Test" time="0.003"/>
  <testcase name="testBoxHas32Slots" classname="org.apache.logging.log4j.util.Unbox1Test" time="0.006"/>
</testsuite>